Build started 12/13/2012 3:22:15 PM.
Project "Y:\CMPSC122\Labs\HuffmanCode_and_Map\HuffmanCode.vcxproj" on node 2 (build target(s)).
InitializeBuildStatus:
  Touching "Debug\HuffmanCode.unsuccessfulbuild".
ClCompile:
  C:\Program Files\Microsoft Visual Studio 10.0\VC\bin\CL.exe /c /ZI /nologo /W3 /WX- /Od /Oy- /D WIN32 /D _DEBUG /D _CONSOLE /D _UNICODE /D UNICODE /Gm /EHsc /RTC1 /MDd /GS /fp:precise /Zc:wchar_t /Zc:forScope /Fo"Debug\\" /Fd"Debug\vc100.pdb" /Gd /TP /analyze- /errorReport:prompt main.cpp
  main.cpp
ManifestResourceCompile:
  C:\Program Files\Microsoft SDKs\Windows\v7.0A\bin\rc.exe /nologo /fo"Debug\HuffmanCode.exe.embed.manifest.res" Debug\HuffmanCode_manifest.rc 
Link:
  C:\Program Files\Microsoft Visual Studio 10.0\VC\bin\link.exe /ERRORREPORT:PROMPT /OUT:"Y:\CMPSC122\Labs\HuffmanCode_and_Map\Debug\HuffmanCode.exe" /INCREMENTAL /NOLOGO kernel32.lib user32.lib gdi32.lib winspool.lib comdlg32.lib advapi32.lib shell32.lib ole32.lib oleaut32.lib uuid.lib odbc32.lib odbccp32.lib /MANIFEST /ManifestFile:"Debug\HuffmanCode.exe.intermediate.manifest" /MANIFESTUAC:"level='asInvoker' uiAccess='false'" /DEBUG /PDB:"Y:\CMPSC122\Labs\HuffmanCode_and_Map\Debug\HuffmanCode.pdb" /SUBSYSTEM:CONSOLE /TLBID:1 /DYNAMICBASE /NXCOMPAT /IMPLIB:"Y:\CMPSC122\Labs\HuffmanCode_and_Map\Debug\HuffmanCode.lib" /MACHINE:X86 Debug\HuffmanCode.exe.embed.manifest.res
  Debug\ConstructHuffmanMap.obj
  Debug\ConstructTree.obj
  Debug\Decoder.obj
  Debug\Encoder.obj
  Debug\GetByteArray.obj
  Debug\HuffmanMapDecoder.obj
  Debug\HuffmanMapEncoder.obj
  Debug\main.obj
  Debug\MakeByteArray.obj
  Debug\PrintTree.obj
  Debug\SymbolPriority.obj
Manifest:
  C:\Program Files\Microsoft SDKs\Windows\v7.0A\bin\mt.exe /nologo /verbose /out:"Debug\HuffmanCode.exe.embed.manifest" /manifest Debug\HuffmanCode.exe.intermediate.manifest
  C:\Program Files\Microsoft SDKs\Windows\v7.0A\bin\rc.exe /nologo /fo"Debug\HuffmanCode.exe.embed.manifest.res" Debug\HuffmanCode_manifest.rc 
LinkEmbedManifest:
  C:\Program Files\Microsoft Visual Studio 10.0\VC\bin\link.exe /ERRORREPORT:PROMPT /OUT:"Y:\CMPSC122\Labs\HuffmanCode_and_Map\Debug\HuffmanCode.exe" /INCREMENTAL /NOLOGO kernel32.lib user32.lib gdi32.lib winspool.lib comdlg32.lib advapi32.lib shell32.lib ole32.lib oleaut32.lib uuid.lib odbc32.lib odbccp32.lib /MANIFEST /ManifestFile:"Debug\HuffmanCode.exe.intermediate.manifest" /MANIFESTUAC:"level='asInvoker' uiAccess='false'" /DEBUG /PDB:"Y:\CMPSC122\Labs\HuffmanCode_and_Map\Debug\HuffmanCode.pdb" /SUBSYSTEM:CONSOLE /TLBID:1 /DYNAMICBASE /NXCOMPAT /IMPLIB:"Y:\CMPSC122\Labs\HuffmanCode_and_Map\Debug\HuffmanCode.lib" /MACHINE:X86 Debug\HuffmanCode.exe.embed.manifest.res
  Debug\ConstructHuffmanMap.obj
  Debug\ConstructTree.obj
  Debug\Decoder.obj
  Debug\Encoder.obj
  Debug\GetByteArray.obj
  Debug\HuffmanMapDecoder.obj
  Debug\HuffmanMapEncoder.obj
  Debug\main.obj
  Debug\MakeByteArray.obj
  Debug\PrintTree.obj
  Debug\SymbolPriority.obj
  HuffmanCode.vcxproj -> Y:\CMPSC122\Labs\HuffmanCode_and_Map\Debug\HuffmanCode.exe
FinalizeBuildStatus:
  Deleting file "Debug\HuffmanCode.unsuccessfulbuild".
  Touching "Debug\HuffmanCode.lastbuildstate".
Done Building Project "Y:\CMPSC122\Labs\HuffmanCode_and_Map\HuffmanCode.vcxproj" (build target(s)).

Build succeeded.

Time Elapsed 00:00:27.39
